[     449ms] [ERROR] [NoriLogger] [WARN] DSPClientStrategy No events to send to endpoint @ https://m.media-amazon.com/images/I/B1X6eZxjqcL.js:10
[     450ms] [ERROR] [NoriLogger] [WARN] DSPClientStrategy No events to send to endpoint @ https://m.media-amazon.com/images/I/B1X6eZxjqcL.js:10
[     454ms] [ERROR] [NoriLogger] [WARN] DSPClientStrategy No events to send to endpoint @ https://m.media-amazon.com/images/I/B1X6eZxjqcL.js:10
[    1441ms] [WARNING] [NoriLogger] Logger, campaignElement, or campaignID not available for performance tracking @ https://m.media-amazon.com/images/I/B1X6eZxjqcL.js:26
[    1441ms] [WARNING] [NoriLogger] Logger, campaignElement, or campaignID not available for performance tracking @ https://m.media-amazon.com/images/I/B1X6eZxjqcL.js:26
[    1450ms] [LOG] [NoriLogger] Initialized successfully @ https://m.media-amazon.com/images/I/B1X6eZxjqcL.js:26
[    1452ms] [ERROR] [NoriLogger] [WARN] DSPClientStrategy NoriLogger: Timer for fontsRender already exists. @ https://m.media-amazon.com/images/I/B1X6eZxjqcL.js:10
[    1453ms] [ERROR] [NoriLogger] [WARN] DSPClientStrategy NoriLogger: Timer for fontsRender already exists. @ https://m.media-amazon.com/images/I/B1X6eZxjqcL.js:10
[    1454ms] [ERROR] [NoriLogger] [WARN] DSPClientStrategy NoriLogger: Timer for asinImageRender already exists. @ https://m.media-amazon.com/images/I/B1X6eZxjqcL.js:10
[    1458ms] [ERROR] [NoriLogger] [WARN] DSPClientStrategy NoriLogger: Timer for gridBuilderBuyBoxRender already exists. @ https://m.media-amazon.com/images/I/B1X6eZxjqcL.js:10
[    1528ms] [LOG] [NoriLogger] Initialized successfully @ https://m.media-amazon.com/images/I/B1X6eZxjqcL.js:26
[    1531ms] [ERROR] [NoriLogger] [WARN] DSPClientStrategy NoriLogger: Timer for fontsRender already exists. @ https://m.media-amazon.com/images/I/B1X6eZxjqcL.js:10
[    1531ms] [ERROR] [NoriLogger] [WARN] DSPClientStrategy NoriLogger: Timer for fontsRender already exists. @ https://m.media-amazon.com/images/I/B1X6eZxjqcL.js:10
[    1574ms] [ERROR] [NoriLogger] [WARN] DSPClientStrategy NoriLogger: Timer for asinImageRender already exists. @ https://m.media-amazon.com/images/I/B1X6eZxjqcL.js:10
[    1691ms] [ERROR] [NoriLogger] [WARN] DSPClientStrategy NoriLogger: Timer for asinImageRender already exists. @ https://m.media-amazon.com/images/I/B1X6eZxjqcL.js:10
[    1691ms] [ERROR] [NoriLogger] [WARN] DSPClientStrategy NoriLogger: Timer for asinImageRender already exists. @ https://m.media-amazon.com/images/I/B1X6eZxjqcL.js:10
[    1765ms] [INFO] Registering NardolNotificationBellFlyout... @ https://m.media-amazon.com/images/I/91qe6-tK3hL.js:27
[    1926ms] TypeError: Cannot read properties of undefined (reading 'forEach')
    at e.each (https://m.media-amazon.com/images/I/11I0WXrZVoL._RC%7C11Y+5x+kkTL.js,51yJloYPPQL.js,115zbyk371L.js,11GgN1+C7hL.js,01+z+uIeJ-L.js,01VRMV3FBdL.js,21NadQlXUWL.js,01vRf9id2EL.js,31on-La90vL.js,11a7qqY8xXL.js,11PZSUl3FLL.js,51C4kaFbiAL.js,11FhdH2HZwL.js,11wb9K3sw0L.js,11BrgrMAHUL.js,11GPhx42StL.js,210X-JWUe-L.js,01Svfxfy8OL.js,61Pm+d9+c9L.js,01ikBbTAneL.js,31xywoXPfpL.js,01qXJuwGmxL.js,01WlsjNmqIL.js,11F929pmpYL.js,31Zn4S+IOkL.js,01rpauTep4L.js,31rqCOnXDNL.js,011FfPwYqHL.js,21P5VvHf-XL.js,01-E15R8CKL.js,21kN0q4IA-L.js,01VvIkYCafL.js,11vb6P5C5AL.js,016H7SZZQjL.js_.js?AUIClients/AmazonUI:18:325)
    at g.refreshCarousel (https://m.media-amazon.com/images/I/61sQ5mHu+ML._RC%7C31r+R0h8QvL.js,31rXMHBPdML.js,71zkBLs6ObL.js,31jz6atYFmL.js_.js?AUIClients/:150:115)
    at https://m.media-amazon.com/images/I/61sQ5mHu+ML._RC%7C31r+R0h8QvL.js,31rXMHBPdML.js,71zkBLs6ObL.js,31jz6atYFmL.js_.js?AUIClients/:150:3
[    2140ms] [LOG] [NoriLogger] Initialized successfully @ https://m.media-amazon.com/images/I/B1X6eZxjqcL.js:26
[    2146ms] [ERROR] [SushiLogger] Logger not initialized, performance not logged for: asinImageRender @ https://m.media-amazon.com/images/I/B1X6eZxjqcL.js:26
[    2146ms] [ERROR] [SushiLogger] Logger not initialized, performance not logged for: asinImageRender @ https://m.media-amazon.com/images/I/B1X6eZxjqcL.js:26
[    2147ms] [ERROR] [SushiLogger] Logger not initialized, performance not logged for: asinImageRender @ https://m.media-amazon.com/images/I/B1X6eZxjqcL.js:26
[    2147ms] [ERROR] [SushiLogger] Logger not initialized, performance not logged for: asinImageRender @ https://m.media-amazon.com/images/I/B1X6eZxjqcL.js:26
[    2308ms] [WARNING] Unable to determine state status TypeError: Cannot read properties of undefined (reading 'nodeName')
    at b.acceptData (https://m.media-amazon.com/images/I/61xJcNKKLXL.js?AUIClients/AmazonUIjQuery:62:430)
    at b.data (https://m.media-amazon.com/images/I/61xJcNKKLXL.js?AUIClients/AmazonUIjQuery:60:378)
    at Object.isNewState (https://m.media-amazon.com/images/I/316nVZ1c+gL._RC%7C01Jkr5-mpfL.js,014nJHn53jL.js,318rs4piGPL.js,01TQyo0bnIL.js,31WvfX-Co+L.js,41ihU1IWlXL.js,31vQoLM9twL.js,01jEqq6I0UL.js,61m8bW0gZ1L.js,61sM0h9jL2L.js,21rKj0pl6mL.js,01cOcwrw2+L.js,31pWQBuasIL.js,016G7uDqQML.js,51eP8P5XfIL.js,11p0nLfNCcL.js,01s9HEfbt3L.js,11CGomdzAuL.js,015TRQC5i+L.js,21a9OqkfpUL.js,0120VCfYOtL.js,31r35NJ3TfL.js,4165qVxoLeL.js,51SSMvLbyWL.js,51CiHVlniHL.js,31vI2qZfDdL.js,31mAYKjJfpL.js,11LSI8IU0NL.js,11K5qCK19CL.js,21z+gIgZKSL.js,61GLQU88kvL.js,21N8a3dNihL.js,11RA63NYs0L.js,017PpEJgdTL.js,01HL89Rw1gL.js,21uyGp88snL.js,21m+1oRN24L.js,01pGlCrkw+L.js_.js?AUIClients/:606:361)
    at r (https://m.media-amazon.com/images/I/316nVZ1c+gL._RC%7C01Jkr5-mpfL.js,014nJHn53jL.js,318rs4piGPL.js,01TQyo0bnIL.js,31WvfX-Co+L.js,41ihU1IWlXL.js,31vQoLM9twL.js,01jEqq6I0UL.js,61m8bW0gZ1L.js,61sM0h9jL2L.js,21rKj0pl6mL.js,01cOcwrw2+L.js,31pWQBuasIL.js,016G7uDqQML.js,51eP8P5XfIL.js,11p0nLfNCcL.js,01s9HEfbt3L.js,11CGomdzAuL.js,015TRQC5i+L.js,21a9OqkfpUL.js,0120VCfYOtL.js,31r35NJ3TfL.js,4165qVxoLeL.js,51SSMvLbyWL.js,51CiHVlniHL.js,31vI2qZfDdL.js,31mAYKjJfpL.js,11LSI8IU0NL.js,11K5qCK19CL.js,21z+gIgZKSL.js,61GLQU88kvL.js,21N8a3dNihL.js,11RA63NYs0L.js,017PpEJgdTL.js,01HL89Rw1gL.js,21uyGp88snL.js,21m+1oRN24L.js,01pGlCrkw+L.js_.js?AUIClients/:622:150)
    at https://m.media-amazon.com/images/I/316nVZ1c+gL._RC%7C01Jkr5-mpfL.js,014nJHn53jL.js,318rs4piGPL.js,01TQyo0bnIL.js,31WvfX-Co+L.js,41ihU1IWlXL.js,31vQoLM9twL.js,01jEqq6I0UL.js,61m8bW0gZ1L.js,61sM0h9jL2L.js,21rKj0pl6mL.js,01cOcwrw2+L.js,31pWQBuasIL.js,016G7uDqQML.js,51eP8P5XfIL.js,11p0nLfNCcL.js,01s9HEfbt3L.js,11CGomdzAuL.js,015TRQC5i+L.js,21a9OqkfpUL.js,0120VCfYOtL.js,31r35NJ3TfL.js,4165qVxoLeL.js,51SSMvLbyWL.js,51CiHVlniHL.js,31vI2qZfDdL.js,31mAYKjJfpL.js,11LSI8IU0NL.js,11K5qCK19CL.js,21z+gIgZKSL.js,61GLQU88kvL.js,21N8a3dNihL.js,11RA63NYs0L.js,017PpEJgdTL.js,01HL89Rw1gL.js,21uyGp88snL.js,21m+1oRN24L.js,01pGlCrkw+L.js_.js?AUIClients/:623:224
    at n (https://www.amazon.in/dp/B081B389G5:103:324)
    at https://www.amazon.in/dp/B081B389G5:105:174
    at B (https://www.amazon.in/dp/B081B389G5:106:424) @ https://m.media-amazon.com/images/I/316nVZ1c+gL._RC%7C01Jkr5-mpfL.js,014nJHn53jL.js,318rs4piGPL.js,01TQyo0bnIL.js,31WvfX-Co+L.js,41ihU1IWlXL.js,31vQoLM9twL.js,01jEqq6I0UL.js,61m8bW0gZ1L.js,61sM0h9jL2L.js,21rKj0pl6mL.js,01cOcwrw2+L.js,31pWQBuasIL.js,016G7uDqQML.js,51eP8P5XfIL.js,11p0nLfNCcL.js,01s9HEfbt3L.js,11CGomdzAuL.js,015TRQC5i+L.js,21a9OqkfpUL.js,0120VCfYOtL.js,31r35NJ3TfL.js,4165qVxoLeL.js,51SSMvLbyWL.js,51CiHVlniHL.js,31vI2qZfDdL.js,31mAYKjJfpL.js,11LSI8IU0NL.js,11K5qCK19CL.js,21z+gIgZKSL.js,61GLQU88kvL.js,21N8a3dNihL.js,11RA63NYs0L.js,017PpEJgdTL.js,01HL89Rw1gL.js,21uyGp88snL.js,21m+1oRN24L.js,01pGlCrkw+L.js_.js?AUIClients/:605
[    2359ms] [WARNING] VIDEOJS: WARN: Using hls options is deprecated. Use vhs instead. @ https://m.media-amazon.com/images/I/31NffgTEMJL._RC%7C01x4giTy+uL.js,01r9LpT6pbL.js,41NWBkfooBL.js,11QfrzttlqL.js,91VXiFQ1TCL.js,01ELLYeIOkL.js_.js?AUIClients/Brila:491
[    2590ms] [ERROR] Error logged with the Track&Report JS errors API(http://tiny/1covqr6l8/wamazindeClieUserJava): {"m":"Could not execute DimensionSorting. Error: TypeError: Cannot read properties of undefined (reading 'children')","csm":"v5 ueLogError callee","logLevel":"ERROR","attribution":"DetailPageDesktopTwisterAssets","pageURL":"https://www.amazon.in/dp/B081B389G5","s":[],"t":2128} {m: Could not execute DimensionSorting. Error: TypeErr…read properties of undefined (reading 'children'), name: undefined, type: undefined, csm: v5 ueLogError callee, logLevel: ERROR} @ https://images-na.ssl-images-amazon.com/images/I/215h87l68bL.js:3
[    3283ms] [WARNING] Unable to determine state status TypeError: Cannot read properties of undefined (reading 'nodeName')
    at b.acceptData (https://m.media-amazon.com/images/I/61xJcNKKLXL.js?AUIClients/AmazonUIjQuery:62:430)
    at b.data (https://m.media-amazon.com/images/I/61xJcNKKLXL.js?AUIClients/AmazonUIjQuery:60:378)
    at Object.isNewState (https://m.media-amazon.com/images/I/316nVZ1c+gL._RC%7C01Jkr5-mpfL.js,014nJHn53jL.js,318rs4piGPL.js,01TQyo0bnIL.js,31WvfX-Co+L.js,41ihU1IWlXL.js,31vQoLM9twL.js,01jEqq6I0UL.js,61m8bW0gZ1L.js,61sM0h9jL2L.js,21rKj0pl6mL.js,01cOcwrw2+L.js,31pWQBuasIL.js,016G7uDqQML.js,51eP8P5XfIL.js,11p0nLfNCcL.js,01s9HEfbt3L.js,11CGomdzAuL.js,015TRQC5i+L.js,21a9OqkfpUL.js,0120VCfYOtL.js,31r35NJ3TfL.js,4165qVxoLeL.js,51SSMvLbyWL.js,51CiHVlniHL.js,31vI2qZfDdL.js,31mAYKjJfpL.js,11LSI8IU0NL.js,11K5qCK19CL.js,21z+gIgZKSL.js,61GLQU88kvL.js,21N8a3dNihL.js,11RA63NYs0L.js,017PpEJgdTL.js,01HL89Rw1gL.js,21uyGp88snL.js,21m+1oRN24L.js,01pGlCrkw+L.js_.js?AUIClients/:606:361)
    at r (https://m.media-amazon.com/images/I/316nVZ1c+gL._RC%7C01Jkr5-mpfL.js,014nJHn53jL.js,318rs4piGPL.js,01TQyo0bnIL.js,31WvfX-Co+L.js,41ihU1IWlXL.js,31vQoLM9twL.js,01jEqq6I0UL.js,61m8bW0gZ1L.js,61sM0h9jL2L.js,21rKj0pl6mL.js,01cOcwrw2+L.js,31pWQBuasIL.js,016G7uDqQML.js,51eP8P5XfIL.js,11p0nLfNCcL.js,01s9HEfbt3L.js,11CGomdzAuL.js,015TRQC5i+L.js,21a9OqkfpUL.js,0120VCfYOtL.js,31r35NJ3TfL.js,4165qVxoLeL.js,51SSMvLbyWL.js,51CiHVlniHL.js,31vI2qZfDdL.js,31mAYKjJfpL.js,11LSI8IU0NL.js,11K5qCK19CL.js,21z+gIgZKSL.js,61GLQU88kvL.js,21N8a3dNihL.js,11RA63NYs0L.js,017PpEJgdTL.js,01HL89Rw1gL.js,21uyGp88snL.js,21m+1oRN24L.js,01pGlCrkw+L.js_.js?AUIClients/:622:150)
    at https://www.amazon.in/dp/B081B389G5:105:174
    at g (https://m.media-amazon.com/images/I/11I0WXrZVoL._RC%7C11Y+5x+kkTL.js,51yJloYPPQL.js,115zbyk371L.js,11GgN1+C7hL.js,01+z+uIeJ-L.js,01VRMV3FBdL.js,21NadQlXUWL.js,01vRf9id2EL.js,31on-La90vL.js,11a7qqY8xXL.js,11PZSUl3FLL.js,51C4kaFbiAL.js,11FhdH2HZwL.js,11wb9K3sw0L.js,11BrgrMAHUL.js,11GPhx42StL.js,210X-JWUe-L.js,01Svfxfy8OL.js,61Pm+d9+c9L.js,01ikBbTAneL.js,31xywoXPfpL.js,01qXJuwGmxL.js,01WlsjNmqIL.js,11F929pmpYL.js,31Zn4S+IOkL.js,01rpauTep4L.js,31rqCOnXDNL.js,011FfPwYqHL.js,21P5VvHf-XL.js,01-E15R8CKL.js,21kN0q4IA-L.js,01VvIkYCafL.js,11vb6P5C5AL.js,016H7SZZQjL.js_.js?AUIClients/AmazonUI:46:117)
    at https://m.media-amazon.com/images/I/11I0WXrZVoL._RC%7C11Y+5x+kkTL.js,51yJloYPPQL.js,115zbyk371L.js,11GgN1+C7hL.js,01+z+uIeJ-L.js,01VRMV3FBdL.js,21NadQlXUWL.js,01vRf9id2EL.js,31on-La90vL.js,11a7qqY8xXL.js,11PZSUl3FLL.js,51C4kaFbiAL.js,11FhdH2HZwL.js,11wb9K3sw0L.js,11BrgrMAHUL.js,11GPhx42StL.js,210X-JWUe-L.js,01Svfxfy8OL.js,61Pm+d9+c9L.js,01ikBbTAneL.js,31xywoXPfpL.js,01qXJuwGmxL.js,01WlsjNmqIL.js,11F929pmpYL.js,31Zn4S+IOkL.js,01rpauTep4L.js,31rqCOnXDNL.js,011FfPwYqHL.js,21P5VvHf-XL.js,01-E15R8CKL.js,21kN0q4IA-L.js,01VvIkYCafL.js,11vb6P5C5AL.js,016H7SZZQjL.js_.js?AUIClients/AmazonUI:49:20
    at k (https://m.media-amazon.com/images/I/11I0WXrZVoL._RC%7C11Y+5x+kkTL.js,51yJloYPPQL.js,115zbyk371L.js,11GgN1+C7hL.js,01+z+uIeJ-L.js,01VRMV3FBdL.js,21NadQlXUWL.js,01vRf9id2EL.js,31on-La90vL.js,11a7qqY8xXL.js,11PZSUl3FLL.js,51C4kaFbiAL.js,11FhdH2HZwL.js,11wb9K3sw0L.js,11BrgrMAHUL.js,11GPhx42StL.js,210X-JWUe-L.js,01Svfxfy8OL.js,61Pm+d9+c9L.js,01ikBbTAneL.js,31xywoXPfpL.js,01qXJuwGmxL.js,01WlsjNmqIL.js,11F929pmpYL.js,31Zn4S+IOkL.js,01rpauTep4L.js,31rqCOnXDNL.js,011FfPwYqHL.js,21P5VvHf-XL.js,01-E15R8CKL.js,21kN0q4IA-L.js,01VvIkYCafL.js,11vb6P5C5AL.js,016H7SZZQjL.js_.js?AUIClients/AmazonUI:46:455)
    at e.trigger (https://m.media-amazon.com/images/I/11I0WXrZVoL._RC%7C11Y+5x+kkTL.js,51yJloYPPQL.js,115zbyk371L.js,11GgN1+C7hL.js,01+z+uIeJ-L.js,01VRMV3FBdL.js,21NadQlXUWL.js,01vRf9id2EL.js,31on-La90vL.js,11a7qqY8xXL.js,11PZSUl3FLL.js,51C4kaFbiAL.js,11FhdH2HZwL.js,11wb9K3sw0L.js,11BrgrMAHUL.js,11GPhx42StL.js,210X-JWUe-L.js,01Svfxfy8OL.js,61Pm+d9+c9L.js,01ikBbTAneL.js,31xywoXPfpL.js,01qXJuwGmxL.js,01WlsjNmqIL.js,11F929pmpYL.js,31Zn4S+IOkL.js,01rpauTep4L.js,31rqCOnXDNL.js,011FfPwYqHL.js,21P5VvHf-XL.js,01-E15R8CKL.js,21kN0q4IA-L.js,01VvIkYCafL.js,11vb6P5C5AL.js,016H7SZZQjL.js_.js?AUIClients/AmazonUI:50:427)
    at success (https://m.media-amazon.com/images/I/41imcj3hIOL.js?AUIClients/DramAssets:3:3) @ https://m.media-amazon.com/images/I/316nVZ1c+gL._RC%7C01Jkr5-mpfL.js,014nJHn53jL.js,318rs4piGPL.js,01TQyo0bnIL.js,31WvfX-Co+L.js,41ihU1IWlXL.js,31vQoLM9twL.js,01jEqq6I0UL.js,61m8bW0gZ1L.js,61sM0h9jL2L.js,21rKj0pl6mL.js,01cOcwrw2+L.js,31pWQBuasIL.js,016G7uDqQML.js,51eP8P5XfIL.js,11p0nLfNCcL.js,01s9HEfbt3L.js,11CGomdzAuL.js,015TRQC5i+L.js,21a9OqkfpUL.js,0120VCfYOtL.js,31r35NJ3TfL.js,4165qVxoLeL.js,51SSMvLbyWL.js,51CiHVlniHL.js,31vI2qZfDdL.js,31mAYKjJfpL.js,11LSI8IU0NL.js,11K5qCK19CL.js,21z+gIgZKSL.js,61GLQU88kvL.js,21N8a3dNihL.js,11RA63NYs0L.js,017PpEJgdTL.js,01HL89Rw1gL.js,21uyGp88snL.js,21m+1oRN24L.js,01pGlCrkw+L.js_.js?AUIClients/:605
